<?xml version="1.0" encoding="UTF-8"?>
<testng-results ignored="0" total="1" passed="1" failed="0" skipped="0">
  <reporter-output>
  </reporter-output>
  <suite started-at="2023-11-08T15:51:32 IST" name="Default suite" finished-at="2023-11-08T15:53:51 IST" duration-ms="138945">
    <groups>
    </groups>
    <test started-at="2023-11-08T15:51:32 IST" name="Default test" finished-at="2023-11-08T15:53:51 IST" duration-ms="138945">
      <class name="practice.BrokenLinks">
        <test-method signature="brokenlink()[pri:0, instance:practice.BrokenLinks@2053d869]" started-at="2023-11-08T15:51:32 IST" name="brokenlink" finished-at="2023-11-08T15:53:51 IST" duration-ms="138891" status="PASS">
          <reporter-output>
          </reporter-output>
        </test-method> <!-- brokenlink -->
      </class> <!-- practice.BrokenLinks -->
    </test> <!-- Default test -->
  </suite> <!-- Default suite -->
</testng-results>
